Determining if the pthread_create exist failed with the following output:
Change Dir: /home/bot/catkin_ws/build/CMakeFiles/CMakeTmp

Run Build Command:/usr/bin/make "cmTryCompileExec939489219/fast"
/usr/bin/make -f CMakeFiles/cmTryCompileExec939489219.dir/build.make CMakeFiles/cmTryCompileExec939489219.dir/build
make[1]: Entering directory `/home/bot/catkin_ws/build/CMakeFiles/CMakeTmp'
/usr/bin/cmake -E cmake_progress_report /home/bot/catkin_ws/build/CMakeFiles/CMakeTmp/CMakeFiles 1
Building C object CMakeFiles/cmTryCompileExec939489219.dir/CheckSymbolExists.c.o
/usr/bin/cc    -o CMakeFiles/cmTryCompileExec939489219.dir/CheckSymbolExists.c.o   -c /home/bot/catkin_ws/build/CMakeFiles/CMakeTmp/CheckSymbolExists.c
Linking C executable cmTryCompileExec939489219
/usr/bin/cmake -E cmake_link_script CMakeFiles/cmTryCompileExec939489219.dir/link.txt --verbose=1
/usr/bin/cc       CMakeFiles/cmTryCompileExec939489219.dir/CheckSymbolExists.c.o  -o cmTryCompileExec939489219 -rdynamic 
CMakeFiles/cmTryCompileExec939489219.dir/CheckSymbolExists.c.o: In function `main':
CheckSymbolExists.c:(.text+0x16): undefined reference to `pthread_create'
collect2: error: ld returned 1 exit status
make[1]: Leaving directory `/home/bot/catkin_ws/build/CMakeFiles/CMakeTmp'
make[1]: *** [cmTryCompileExec939489219] Error 1
make: *** [cmTryCompileExec939489219/fast] Error 2

File /home/bot/catkin_ws/build/CMakeFiles/CMakeTmp/CheckSymbolExists.c:
/* */
#include <pthread.h>

int main(int argc, char** argv)
{
  (void)argv;
#ifndef pthread_create
  return ((int*)(&pthread_create))[argc];
#else
  (void)argc;
  return 0;
#endif
}

Determining if the function pthread_create exists in the pthreads failed with the following output:
Change Dir: /home/bot/catkin_ws/build/CMakeFiles/CMakeTmp

Run Build Command:/usr/bin/make "cmTryCompileExec961948020/fast"
/usr/bin/make -f CMakeFiles/cmTryCompileExec961948020.dir/build.make CMakeFiles/cmTryCompileExec961948020.dir/build
make[1]: Entering directory `/home/bot/catkin_ws/build/CMakeFiles/CMakeTmp'
/usr/bin/cmake -E cmake_progress_report /home/bot/catkin_ws/build/CMakeFiles/CMakeTmp/CMakeFiles 1
Building C object CMakeFiles/cmTryCompileExec961948020.dir/CheckFunctionExists.c.o
/usr/bin/cc   -DCHECK_FUNCTION_EXISTS=pthread_create   -o CMakeFiles/cmTryCompileExec961948020.dir/CheckFunctionExists.c.o   -c /usr/share/cmake-2.8/Modules/CheckFunctionExists.c
Linking C executable cmTryCompileExec961948020
/usr/bin/cmake -E cmake_link_script CMakeFiles/cmTryCompileExec961948020.dir/link.txt --verbose=1
/usr/bin/cc   -DCHECK_FUNCTION_EXISTS=pthread_create    CMakeFiles/cmTryCompileExec961948020.dir/CheckFunctionExists.c.o  -o cmTryCompileExec961948020 -rdynamic -lpthreads 
/usr/bin/ld: cannot find -lpthreads
collect2: error: ld returned 1 exit status
make[1]: Leaving directory `/home/bot/catkin_ws/build/CMakeFiles/CMakeTmp'
make[1]: *** [cmTryCompileExec961948020] Error 1
make: *** [cmTryCompileExec961948020/fast] Error 2


